PID 39984 received SIGSEGV for address: 0x1
0   segfault-handler.node               0x00000001026f43c8 _ZL16segfault_handleriP9__siginfoPv + 312
1   libsystem_platform.dylib            0x00007fff5b6b0f5a _sigtramp + 26
2   ???                                 0x0000000109fe7b9a 0x0 + 4462640026
3   segfault-handler.node               0x00000001026f3aa6 _Z22segfault_stack_frame_2v + 22
4   segfault-handler.node               0x00000001026f3aca _Z13CauseSegfaultRKN3Nan20FunctionCallbackInfoIN2v85ValueEEE + 26
5   segfault-handler.node               0x00000001026f60b3 _ZN3Nan3impL23FunctionCallbackWrapperERKN2v820FunctionCallbackInfoINS1_5ValueEEE + 1475
6   node                                0x00000001002301af _ZN2v88internal25FunctionCallbackArguments4CallEPNS0_15CallHandlerInfoE + 623
7   node                                0x000000010022f6e1 _ZN2v88internal12_GLOBAL__N_119HandleApiCallHelperILb0EEENS0_11MaybeHandleINS0_6ObjectEEEPNS0_7IsolateENS0_6HandleINS0_10HeapObjectEEESA_NS8_INS0_20FunctionTemplateInfoEEENS8_IS4_EENS0_16BuiltinArgumentsE + 689
8   node                                0x000000010022ed69 _ZN2v88internalL26Builtin_Impl_HandleApiCallENS0_16BuiltinArgumentsEPNS0_7IsolateE + 281
9   ???                                 0x000031067585be3d 0x0 + 53903811264061
PID 21204 received SIGSEGV for address: 0x0
0   segfault-handler.node               0x00000001026ec3c8 _ZL16segfault_handleriP9__siginfoPv + 312
1   libsystem_platform.dylib            0x00007fff6138db3d _sigtramp + 29
2   ???                                 0x0000000103200000 0x0 + 4347396096
3   libopencv_core.3.4.dylib            0x00000001079b6ce2 _ZNK2cv3Mat6copyToERKNS_12_OutputArrayE + 1842
4   libopencv_objdetect.3.4.dylib       0x000000010b40c889 _ZN2cv16copyVectorToUMatINS_13HaarEvaluator10OptFeatureEEEvRKNSt3__16vectorIT_NS3_9allocatorIS5_EEEERNS_4UMatE + 313
5   libopencv_objdetect.3.4.dylib       0x000000010b40c4f7 _ZN2cv13HaarEvaluator18computeOptFeaturesEv + 551
6   libopencv_objdetect.3.4.dylib       0x000000010b40962d _ZN2cv16FeatureEvaluator8setImageERKNS_11_InputArrayERKNSt3__16vectorIfNS4_9allocatorIfEEEE + 221
7   libopencv_objdetect.3.4.dylib       0x000000010b413294 _ZN2cv21CascadeClassifierImpl26detectMultiScaleNoGroupingERKNS_11_InputArrayERNSt3__16vectorINS_5Rect_IiEENS4_9allocatorIS7_EEEERNS5_IiNS8_IiEEEERNS5_IdNS8_IdEEEEdNS_5Size_IiEESJ_b + 2532
8   libopencv_objdetect.3.4.dylib       0x000000010b414e22 _ZN2cv21CascadeClassifierImpl16detectMultiScaleERKNS_11_InputArrayERNSt3__16vectorINS_5Rect_IiEENS4_9allocatorIS7_EEEERNS5_IiNS8_IiEEEEdiiNS_5Size_IiEESG_ + 802
9   libopencv_objdetect.3.4.dylib       0x000000010b4170c9 _ZN2cv17CascadeClassifier16detectMultiScaleERKNS_11_InputArrayERNSt3__16vectorINS_5Rect_IiEENS4_9allocatorIS7_EEEERNS5_IiNS8_IiEEEEdiiNS_5Size_IiEESG_ + 169
10  opencv4nodejs.node                  0x0000000107698e3a _ZN25CascadeClassifierBindings22DetectMultiScaleWorker29executeCatchCvExceptionWorkerEv + 332
11  opencv4nodejs.node                  0x0000000107654827 _ZN22CatchCvExceptionWorker7executeEv + 23
12  opencv4nodejs.node                  0x00000001075420e1 _ZN2FF11AsyncWorker7ExecuteEv + 33
13  node                                0x00000001009a4ade worker + 196
14  libsystem_pthread.dylib             0x00007fff61396339 _pthread_body + 126
15  libsystem_pthread.dylib             0x00007fff613992a7 _pthread_start + 70
16  libsystem_pthread.dylib             0x00007fff61395445 thread_start + 13
